2021-03-15 18:21:26,381 INFO o.a.j.u.JMeterUtils: Setting Locale to en_IN
2021-03-15 18:21:26,396 INFO o.a.j.JMeter: Loading user properties from: C:\Users\40012844\AppData\Local\Programs\apache-jmeter-5.3\bin\user.properties
2021-03-15 18:21:26,403 INFO o.a.j.JMeter: Loading system properties from: C:\Users\40012844\AppData\Local\Programs\apache-jmeter-5.3\bin\system.properties
2021-03-15 18:21:26,415 INFO o.a.j.JMeter: Copyright (c) 1998-2020 The Apache Software Foundation
2021-03-15 18:21:26,415 INFO o.a.j.JMeter: Version 5.3
2021-03-15 18:21:26,415 INFO o.a.j.JMeter: java.version=1.8.0_281
2021-03-15 18:21:26,415 INFO o.a.j.JMeter: java.vm.name=Java HotSpot(TM) 64-Bit Server VM
2021-03-15 18:21:26,415 INFO o.a.j.JMeter: os.name=Windows 10
2021-03-15 18:21:26,417 INFO o.a.j.JMeter: os.arch=amd64
2021-03-15 18:21:26,417 INFO o.a.j.JMeter: os.version=10.0
2021-03-15 18:21:26,417 INFO o.a.j.JMeter: file.encoding=Cp1252
2021-03-15 18:21:26,417 INFO o.a.j.JMeter: java.awt.headless=null
2021-03-15 18:21:26,417 INFO o.a.j.JMeter: Max memory     =3771203584
2021-03-15 18:21:26,417 INFO o.a.j.JMeter: Available Processors =6
2021-03-15 18:21:26,426 INFO o.a.j.JMeter: Default Locale=English (India)
2021-03-15 18:21:26,427 INFO o.a.j.JMeter: JMeter  Locale=English (India)
2021-03-15 18:21:26,427 INFO o.a.j.JMeter: JMeterHome=C:\Users\40012844\AppData\Local\Programs\apache-jmeter-5.3
2021-03-15 18:21:26,427 INFO o.a.j.JMeter: user.dir  =C:\Users\40012844\Desktop\applied-c
2021-03-15 18:21:26,427 INFO o.a.j.JMeter: PWD       =C:\Users\40012844\Desktop\applied-c
2021-03-15 18:21:26,428 INFO o.a.j.JMeter: IP: 10.20.204.30 Name: BLTSP06357 FullName: BLTSP06357.lnties.com
2021-03-15 18:21:26,761 INFO o.a.j.JMeter: Setting LAF to: com.github.weisj.darklaf.DarkLaf:com.github.weisj.darklaf.theme.DarculaTheme
2021-03-15 18:21:27,412 INFO o.a.j.JMeter: Loaded icon properties from org/apache/jmeter/images/icon.properties
2021-03-15 18:21:32,077 WARN o.j.r.PluginManager: Found JAR conflict: C:\Users\40012844\AppData\Local\Programs\apache-jmeter-5.3\lib\jmeter-plugins-cmn-jmeter-0.6.jar and C:\Users\40012844\AppData\Local\Programs\apache-jmeter-5.3\lib\jmeter-plugins-cmn-jmeter-0.4.jar
2021-03-15 18:21:32,078 WARN o.j.r.PluginManager: Found JAR conflict: C:\Users\40012844\AppData\Local\Programs\apache-jmeter-5.3\lib\ext\jmeter-plugins-manager-1.4.jar and C:\Users\40012844\AppData\Local\Programs\apache-jmeter-5.3\lib\ext\jmeter-plugins-manager-1.3.jar
2021-03-15 18:21:32,078 WARN o.j.r.PluginManager: Found JAR conflict: C:\Users\40012844\AppData\Local\Programs\apache-jmeter-5.3\lib\ext\jmeter-plugins-manager-1.6.jar and C:\Users\40012844\AppData\Local\Programs\apache-jmeter-5.3\lib\ext\jmeter-plugins-manager-1.4.jar
2021-03-15 18:21:32,250 INFO o.j.r.JARSourceHTTP: Requesting https://jmeter-plugins.org/repo/?installID=windows_10-788c023ae89f45f54d94c3065e6fc796-gui
2021-03-15 18:21:33,483 INFO o.a.j.p.h.s.HTTPSamplerBase: Parser for text/html is org.apache.jmeter.protocol.http.parser.LagartoBasedHtmlParser
2021-03-15 18:21:33,484 INFO o.a.j.p.h.s.HTTPSamplerBase: Parser for application/xhtml+xml is org.apache.jmeter.protocol.http.parser.LagartoBasedHtmlParser
2021-03-15 18:21:33,484 INFO o.a.j.p.h.s.HTTPSamplerBase: Parser for application/xml is org.apache.jmeter.protocol.http.parser.LagartoBasedHtmlParser
2021-03-15 18:21:33,484 INFO o.a.j.p.h.s.HTTPSamplerBase: Parser for text/xml is org.apache.jmeter.protocol.http.parser.LagartoBasedHtmlParser
2021-03-15 18:21:33,484 INFO o.a.j.p.h.s.HTTPSamplerBase: Parser for text/vnd.wap.wml is org.apache.jmeter.protocol.http.parser.RegexpHTMLParser
2021-03-15 18:21:33,484 INFO o.a.j.p.h.s.HTTPSamplerBase: Parser for text/css is org.apache.jmeter.protocol.http.parser.CssParser
2021-03-15 18:21:35,963 INFO o.j.r.PluginManager: Plugins Status: [jpgc-casutg=2.9, bzm-parallel=0.9, jpgc-plugins-manager=1.3, jpgc-webdriver=3.3, jmeter-core=5.3, jmeter-ftp=5.3, jmeter-http=5.3, jmeter-jdbc=5.3, jmeter-jms=5.3, jmeter-junit=5.3, jmeter-java=5.3, jmeter-ldap=5.3, jmeter-mail=5.3, jmeter-mongodb=5.3, jmeter-native=5.3, jmeter-tcp=5.3, jmeter-components=5.3]
2021-03-15 18:21:35,965 INFO o.j.r.PluginManagerMenuItem: Plugins Manager has upgrades: [bzm-parallel, jpgc-plugins-manager]
2021-03-15 18:22:17,797 INFO o.a.j.s.SampleResult: Note: Sample TimeStamps are START times
2021-03-15 18:22:17,798 INFO o.a.j.s.SampleResult: sampleresult.default.encoding is set to ISO-8859-1
2021-03-15 18:22:17,798 INFO o.a.j.s.SampleResult: sampleresult.useNanoTime=true
2021-03-15 18:22:17,798 INFO o.a.j.s.SampleResult: sampleresult.nanoThreadSleep=5000
2021-03-15 18:22:30,731 INFO o.a.j.e.StandardJMeterEngine: Running the test!
2021-03-15 18:22:30,731 INFO o.a.j.s.SampleEvent: List of sample_variables: []
2021-03-15 18:22:30,731 INFO o.a.j.s.SampleEvent: List of sample_variables: []
2021-03-15 18:22:30,732 INFO o.a.j.e.u.CompoundVariable: Note: Function class names must contain the string: '.functions.'
2021-03-15 18:22:30,733 INFO o.a.j.e.u.CompoundVariable: Note: Function class names must not contain the string: '.gui.'
2021-03-15 18:22:31,072 INFO o.a.j.g.u.JMeterMenuBar: setRunning(true, *local*)
2021-03-15 18:22:31,079 INFO o.a.j.e.StandardJMeterEngine: Starting ThreadGroup: 1 : Thread Group
2021-03-15 18:22:31,079 INFO o.a.j.e.StandardJMeterEngine: Starting 1 threads for group Thread Group.
2021-03-15 18:22:31,079 INFO o.a.j.e.StandardJMeterEngine: Thread will continue on error
2021-03-15 18:22:31,079 INFO o.a.j.t.ThreadGroup: Starting thread group... number=1 threads=1 ramp-up=1 delayedStart=false
2021-03-15 18:22:31,082 INFO o.a.j.t.ThreadGroup: Started thread group number 1
2021-03-15 18:22:31,082 INFO o.a.j.e.StandardJMeterEngine: All thread groups have been started
2021-03-15 18:22:31,083 INFO o.a.j.t.JMeterThread: Thread started: Thread Group 1-1
2021-03-15 18:22:31,086 INFO o.a.j.t.JMeterThread: Thread is done: Thread Group 1-1
2021-03-15 18:22:31,086 INFO o.a.j.t.JMeterThread: Thread finished: Thread Group 1-1
2021-03-15 18:22:31,086 INFO o.a.j.e.StandardJMeterEngine: Notifying test listeners of end of test
2021-03-15 18:22:31,103 INFO o.a.j.s.FileServer: Default base='C:\Users\40012844\Desktop\applied-c'
2021-03-15 18:22:31,103 INFO o.a.j.g.u.JMeterMenuBar: setRunning(false, *local*)
2021-03-15 18:22:52,198 INFO o.a.j.e.StandardJMeterEngine: Running the test!
2021-03-15 18:22:52,198 INFO o.a.j.s.SampleEvent: List of sample_variables: []
2021-03-15 18:22:52,200 INFO o.a.j.g.u.JMeterMenuBar: setRunning(true, *local*)
2021-03-15 18:22:52,303 INFO o.a.j.e.StandardJMeterEngine: Starting ThreadGroup: 1 : Thread Group
2021-03-15 18:22:52,303 INFO o.a.j.e.StandardJMeterEngine: Starting 1 threads for group Thread Group.
2021-03-15 18:22:52,303 INFO o.a.j.e.StandardJMeterEngine: Thread will continue on error
2021-03-15 18:22:52,303 INFO o.a.j.t.ThreadGroup: Starting thread group... number=1 threads=1 ramp-up=1 delayedStart=false
2021-03-15 18:22:52,303 INFO o.a.j.t.ThreadGroup: Started thread group number 1
2021-03-15 18:22:52,303 INFO o.a.j.e.StandardJMeterEngine: All thread groups have been started
2021-03-15 18:22:52,311 INFO o.a.j.t.JMeterThread: Thread started: Thread Group 1-1
2021-03-15 18:22:52,312 INFO o.a.j.t.JMeterThread: Thread is done: Thread Group 1-1
2021-03-15 18:22:52,312 INFO o.a.j.t.JMeterThread: Thread finished: Thread Group 1-1
2021-03-15 18:22:52,312 INFO o.a.j.e.StandardJMeterEngine: Notifying test listeners of end of test
2021-03-15 18:22:52,312 INFO o.a.j.g.u.JMeterMenuBar: setRunning(false, *local*)
2021-03-15 18:23:40,608 INFO o.a.j.e.StandardJMeterEngine: Running the test!
2021-03-15 18:23:40,608 INFO o.a.j.s.SampleEvent: List of sample_variables: []
2021-03-15 18:23:40,609 INFO o.a.j.g.u.JMeterMenuBar: setRunning(true, *local*)
2021-03-15 18:23:40,715 INFO o.a.j.e.StandardJMeterEngine: Starting ThreadGroup: 1 : Thread Group
2021-03-15 18:23:40,715 INFO o.a.j.e.StandardJMeterEngine: Starting 1 threads for group Thread Group.
2021-03-15 18:23:40,715 INFO o.a.j.e.StandardJMeterEngine: Thread will continue on error
2021-03-15 18:23:40,715 INFO o.a.j.t.ThreadGroup: Starting thread group... number=1 threads=1 ramp-up=1 delayedStart=false
2021-03-15 18:23:40,715 INFO o.a.j.t.ThreadGroup: Started thread group number 1
2021-03-15 18:23:40,715 INFO o.a.j.e.StandardJMeterEngine: All thread groups have been started
2021-03-15 18:23:40,716 INFO o.a.j.t.JMeterThread: Thread started: Thread Group 1-1
2021-03-15 18:23:40,717 INFO o.a.j.t.JMeterThread: Thread is done: Thread Group 1-1
2021-03-15 18:23:40,717 INFO o.a.j.t.JMeterThread: Thread finished: Thread Group 1-1
2021-03-15 18:23:40,717 INFO o.a.j.e.StandardJMeterEngine: Notifying test listeners of end of test
2021-03-15 18:23:40,717 INFO o.a.j.g.u.JMeterMenuBar: setRunning(false, *local*)
2021-03-15 18:24:38,106 INFO o.a.j.e.StandardJMeterEngine: Running the test!
2021-03-15 18:24:38,106 INFO o.a.j.s.SampleEvent: List of sample_variables: []
2021-03-15 18:24:38,107 INFO o.a.j.g.u.JMeterMenuBar: setRunning(true, *local*)
2021-03-15 18:24:38,173 INFO o.a.j.e.StandardJMeterEngine: Starting ThreadGroup: 1 : Thread Group
2021-03-15 18:24:38,173 INFO o.a.j.e.StandardJMeterEngine: Starting 1 threads for group Thread Group.
2021-03-15 18:24:38,173 INFO o.a.j.e.StandardJMeterEngine: Thread will continue on error
2021-03-15 18:24:38,173 INFO o.a.j.t.ThreadGroup: Starting thread group... number=1 threads=1 ramp-up=1 delayedStart=false
2021-03-15 18:24:38,174 INFO o.a.j.t.ThreadGroup: Started thread group number 1
2021-03-15 18:24:38,174 INFO o.a.j.e.StandardJMeterEngine: All thread groups have been started
2021-03-15 18:24:38,174 INFO o.a.j.t.JMeterThread: Thread started: Thread Group 1-1
2021-03-15 18:24:38,175 INFO o.a.j.t.JMeterThread: Thread is done: Thread Group 1-1
2021-03-15 18:24:38,175 INFO o.a.j.t.JMeterThread: Thread finished: Thread Group 1-1
2021-03-15 18:24:38,175 INFO o.a.j.e.StandardJMeterEngine: Notifying test listeners of end of test
2021-03-15 18:24:38,175 INFO o.a.j.g.u.JMeterMenuBar: setRunning(false, *local*)
2021-03-15 18:25:15,595 INFO o.a.j.e.StandardJMeterEngine: Running the test!
2021-03-15 18:25:15,595 INFO o.a.j.s.SampleEvent: List of sample_variables: []
2021-03-15 18:25:15,596 INFO o.a.j.g.u.JMeterMenuBar: setRunning(true, *local*)
2021-03-15 18:25:15,666 INFO o.a.j.e.StandardJMeterEngine: Starting ThreadGroup: 1 : Thread Group
2021-03-15 18:25:15,667 INFO o.a.j.e.StandardJMeterEngine: Starting 1 threads for group Thread Group.
2021-03-15 18:25:15,667 INFO o.a.j.e.StandardJMeterEngine: Thread will continue on error
2021-03-15 18:25:15,667 INFO o.a.j.t.ThreadGroup: Starting thread group... number=1 threads=1 ramp-up=1 delayedStart=false
2021-03-15 18:25:15,667 INFO o.a.j.t.ThreadGroup: Started thread group number 1
2021-03-15 18:25:15,667 INFO o.a.j.e.StandardJMeterEngine: All thread groups have been started
2021-03-15 18:25:15,668 INFO o.a.j.t.JMeterThread: Thread started: Thread Group 1-1
2021-03-15 18:25:15,673 INFO o.a.j.p.h.s.HTTPHCAbstractImpl: Local host = BLTSP06357
2021-03-15 18:25:15,719 INFO o.a.j.p.h.s.HTTPHC4Impl: HTTP request retry count = 0
2021-03-15 18:25:15,833 INFO o.a.j.p.h.s.h.LazyLayeredConnectionSocketFactory: Setting up HTTPS TrustAll Socket Factory
2021-03-15 18:25:15,834 INFO o.a.j.u.JsseSSLManager: Using default SSL protocol: TLS
2021-03-15 18:25:15,834 INFO o.a.j.u.JsseSSLManager: SSL session context: per-thread
2021-03-15 18:25:16,110 INFO o.a.j.u.SSLManager: JmeterKeyStore Location:  type JKS
2021-03-15 18:25:16,110 INFO o.a.j.u.SSLManager: KeyStore created OK
2021-03-15 18:25:16,110 WARN o.a.j.u.SSLManager: Keystore file not found, loading empty keystore
2021-03-15 18:25:16,954 INFO o.a.j.t.JMeterThread: Thread is done: Thread Group 1-1
2021-03-15 18:25:16,954 INFO o.a.j.t.JMeterThread: Thread finished: Thread Group 1-1
2021-03-15 18:25:16,955 INFO o.a.j.e.StandardJMeterEngine: Notifying test listeners of end of test
2021-03-15 18:25:16,955 INFO o.a.j.g.u.JMeterMenuBar: setRunning(false, *local*)
2021-03-15 18:25:52,338 INFO o.a.j.e.StandardJMeterEngine: Running the test!
2021-03-15 18:25:52,339 INFO o.a.j.s.SampleEvent: List of sample_variables: []
2021-03-15 18:25:52,340 INFO o.a.j.g.u.JMeterMenuBar: setRunning(true, *local*)
2021-03-15 18:25:52,438 INFO o.a.j.e.StandardJMeterEngine: Starting ThreadGroup: 1 : Thread Group
2021-03-15 18:25:52,438 INFO o.a.j.e.StandardJMeterEngine: Starting 1 threads for group Thread Group.
2021-03-15 18:25:52,438 INFO o.a.j.e.StandardJMeterEngine: Thread will continue on error
2021-03-15 18:25:52,438 INFO o.a.j.t.ThreadGroup: Starting thread group... number=1 threads=1 ramp-up=1 delayedStart=false
2021-03-15 18:25:52,438 INFO o.a.j.t.ThreadGroup: Started thread group number 1
2021-03-15 18:25:52,438 INFO o.a.j.e.StandardJMeterEngine: All thread groups have been started
2021-03-15 18:25:52,439 INFO o.a.j.t.JMeterThread: Thread started: Thread Group 1-1
2021-03-15 18:25:53,564 INFO o.a.j.t.JMeterThread: Thread is done: Thread Group 1-1
2021-03-15 18:25:53,564 INFO o.a.j.t.JMeterThread: Thread finished: Thread Group 1-1
2021-03-15 18:25:53,564 INFO o.a.j.e.StandardJMeterEngine: Notifying test listeners of end of test
2021-03-15 18:25:53,565 INFO o.a.j.g.u.JMeterMenuBar: setRunning(false, *local*)
2021-03-15 18:27:22,965 INFO o.a.j.e.StandardJMeterEngine: Running the test!
2021-03-15 18:27:22,965 INFO o.a.j.s.SampleEvent: List of sample_variables: []
2021-03-15 18:27:22,966 INFO o.a.j.g.u.JMeterMenuBar: setRunning(true, *local*)
2021-03-15 18:27:23,037 INFO o.a.j.e.StandardJMeterEngine: Starting ThreadGroup: 1 : Thread Group
2021-03-15 18:27:23,038 INFO o.a.j.e.StandardJMeterEngine: Starting 1 threads for group Thread Group.
2021-03-15 18:27:23,038 INFO o.a.j.e.StandardJMeterEngine: Thread will continue on error
2021-03-15 18:27:23,038 INFO o.a.j.t.ThreadGroup: Starting thread group... number=1 threads=1 ramp-up=1 delayedStart=false
2021-03-15 18:27:23,038 INFO o.a.j.t.ThreadGroup: Started thread group number 1
2021-03-15 18:27:23,038 INFO o.a.j.e.StandardJMeterEngine: All thread groups have been started
2021-03-15 18:27:23,039 INFO o.a.j.t.JMeterThread: Thread started: Thread Group 1-1
2021-03-15 18:27:24,157 INFO o.a.j.t.JMeterThread: Thread is done: Thread Group 1-1
2021-03-15 18:27:24,157 INFO o.a.j.t.JMeterThread: Thread finished: Thread Group 1-1
2021-03-15 18:27:24,158 INFO o.a.j.e.StandardJMeterEngine: Notifying test listeners of end of test
2021-03-15 18:27:24,158 INFO o.a.j.g.u.JMeterMenuBar: setRunning(false, *local*)
2021-03-15 18:32:30,990 INFO o.a.j.e.StandardJMeterEngine: Running the test!
2021-03-15 18:32:30,990 INFO o.a.j.s.SampleEvent: List of sample_variables: []
2021-03-15 18:32:30,991 INFO o.a.j.g.u.JMeterMenuBar: setRunning(true, *local*)
2021-03-15 18:32:31,094 INFO o.a.j.e.StandardJMeterEngine: Starting ThreadGroup: 1 : Thread Group
2021-03-15 18:32:31,094 INFO o.a.j.e.StandardJMeterEngine: Starting 1 threads for group Thread Group.
2021-03-15 18:32:31,094 INFO o.a.j.e.StandardJMeterEngine: Thread will continue on error
2021-03-15 18:32:31,094 INFO o.a.j.t.ThreadGroup: Starting thread group... number=1 threads=1 ramp-up=1 delayedStart=false
2021-03-15 18:32:31,095 INFO o.a.j.t.ThreadGroup: Started thread group number 1
2021-03-15 18:32:31,095 INFO o.a.j.e.StandardJMeterEngine: All thread groups have been started
2021-03-15 18:32:31,096 INFO o.a.j.t.JMeterThread: Thread started: Thread Group 1-1
2021-03-15 18:32:32,670 INFO o.a.j.t.JMeterThread: Thread is done: Thread Group 1-1
2021-03-15 18:32:32,670 INFO o.a.j.t.JMeterThread: Thread finished: Thread Group 1-1
2021-03-15 18:32:32,671 INFO o.a.j.e.StandardJMeterEngine: Notifying test listeners of end of test
2021-03-15 18:32:32,671 INFO o.a.j.g.u.JMeterMenuBar: setRunning(false, *local*)
2021-03-15 18:32:52,894 INFO o.a.j.e.StandardJMeterEngine: Running the test!
2021-03-15 18:32:52,894 INFO o.a.j.s.SampleEvent: List of sample_variables: []
2021-03-15 18:32:52,895 INFO o.a.j.g.u.JMeterMenuBar: setRunning(true, *local*)
2021-03-15 18:32:52,975 INFO o.a.j.e.StandardJMeterEngine: Starting ThreadGroup: 1 : Thread Group
2021-03-15 18:32:52,975 INFO o.a.j.e.StandardJMeterEngine: Starting 1 threads for group Thread Group.
2021-03-15 18:32:52,976 INFO o.a.j.e.StandardJMeterEngine: Thread will continue on error
2021-03-15 18:32:52,976 INFO o.a.j.t.ThreadGroup: Starting thread group... number=1 threads=1 ramp-up=1 delayedStart=false
2021-03-15 18:32:52,976 INFO o.a.j.t.ThreadGroup: Started thread group number 1
2021-03-15 18:32:52,976 INFO o.a.j.e.StandardJMeterEngine: All thread groups have been started
2021-03-15 18:32:52,976 INFO o.a.j.t.JMeterThread: Thread started: Thread Group 1-1
2021-03-15 18:32:54,374 INFO o.a.j.t.JMeterThread: Thread is done: Thread Group 1-1
2021-03-15 18:32:54,374 INFO o.a.j.t.JMeterThread: Thread finished: Thread Group 1-1
2021-03-15 18:32:54,375 INFO o.a.j.e.StandardJMeterEngine: Notifying test listeners of end of test
2021-03-15 18:32:54,375 INFO o.a.j.g.u.JMeterMenuBar: setRunning(false, *local*)
2021-03-15 18:38:20,950 INFO o.a.j.e.StandardJMeterEngine: Running the test!
2021-03-15 18:38:20,950 INFO o.a.j.s.SampleEvent: List of sample_variables: []
2021-03-15 18:38:20,950 INFO o.a.j.g.u.JMeterMenuBar: setRunning(true, *local*)
2021-03-15 18:38:21,052 INFO o.a.j.e.StandardJMeterEngine: Starting ThreadGroup: 1 : Thread Group
2021-03-15 18:38:21,052 INFO o.a.j.e.StandardJMeterEngine: Starting 1 threads for group Thread Group.
2021-03-15 18:38:21,052 INFO o.a.j.e.StandardJMeterEngine: Thread will continue on error
2021-03-15 18:38:21,052 INFO o.a.j.t.ThreadGroup: Starting thread group... number=1 threads=1 ramp-up=1 delayedStart=false
2021-03-15 18:38:21,052 INFO o.a.j.t.ThreadGroup: Started thread group number 1
2021-03-15 18:38:21,052 INFO o.a.j.e.StandardJMeterEngine: Starting ThreadGroup: 2 : Thread Group
2021-03-15 18:38:21,052 INFO o.a.j.e.StandardJMeterEngine: Starting 1 threads for group Thread Group.
2021-03-15 18:38:21,052 INFO o.a.j.e.StandardJMeterEngine: Thread will continue on error
2021-03-15 18:38:21,052 INFO o.a.j.t.ThreadGroup: Starting thread group... number=2 threads=1 ramp-up=1 delayedStart=false
2021-03-15 18:38:21,052 INFO o.a.j.t.ThreadGroup: Started thread group number 2
2021-03-15 18:38:21,052 INFO o.a.j.e.StandardJMeterEngine: All thread groups have been started
2021-03-15 18:38:21,052 INFO o.a.j.t.JMeterThread: Thread started: Thread Group 1-1
2021-03-15 18:38:21,053 INFO o.a.j.t.JMeterThread: Thread started: Thread Group 2-1
2021-03-15 18:38:21,053 INFO o.a.j.t.JMeterThread: Thread is done: Thread Group 2-1
2021-03-15 18:38:21,053 INFO o.a.j.t.JMeterThread: Thread finished: Thread Group 2-1
2021-03-15 18:38:24,812 INFO o.a.j.t.JMeterThread: Thread is done: Thread Group 1-1
2021-03-15 18:38:24,812 INFO o.a.j.t.JMeterThread: Thread finished: Thread Group 1-1
2021-03-15 18:38:24,813 INFO o.a.j.e.StandardJMeterEngine: Notifying test listeners of end of test
2021-03-15 18:38:24,813 INFO o.a.j.g.u.JMeterMenuBar: setRunning(false, *local*)
